0 info it worked if it ends with ok
1 verbose cli [ 'C:\\Program Files\\nodejs\\node.exe',
1 verbose cli   'C:\\Program Files\\nodejs\\node_modules\\npm\\bin\\npm-cli.js',
1 verbose cli   'start' ]
2 info using npm@3.10.10
3 info using node@v6.11.0
4 verbose run-script [ 'prestart', 'start', 'poststart' ]
5 info lifecycle cooknet@1.0.0~prestart: cooknet@1.0.0
6 silly lifecycle cooknet@1.0.0~prestart: no script for prestart, continuing
7 info lifecycle cooknet@1.0.0~start: cooknet@1.0.0
8 verbose lifecycle cooknet@1.0.0~start: unsafe-perm in lifecycle true
9 verbose lifecycle cooknet@1.0.0~start: PATH: C:\Program Files\nodejs\node_modules\npm\bin\node-gyp-bin;E:\GranEscala\node_modules\.bin;C:\Users\andres\bin;C:\Program Files\Git\mingw64\bin;C:\Program Files\Git\usr\local\bin;C:\Program Files\Git\usr\bin;C:\Program Files\Git\usr\bin;C:\Program Files\Git\mingw64\bin;C:\Program Files\Git\usr\bin;C:\Users\andres\bin;C:\ProgramData\Oracle\Java\javapath;C:\Windows\system32;C:\Windows;C:\Windows\System32\Wbem;C:\Windows\System32\WindowsPowerShell\v1.0;C:\Program Files (x86)\ATI Technologies\ATI.ACE\Core-Static;C:\Program Files (x86)\AMD\ATI.ACE\Core-Static;C:\xampp\php;C:\ProgramData\ComposerSetup\bin;C:\Program Files\Git\cmd;C:\Users\andres\.dnx\bin;C:\Program Files\Microsoft DNX\Dnvm;C:\Program Files\Microsoft SQL Server\130\Tools\Binn;C:\Program Files (x86)\GtkSharp\2.12\bin;C:\Program Files (x86)\Skype\Phone;C:\ProgramData\chocolatey\bin;C:\Program Files (x86)\Microsoft SQL Server\120\DTS\Binn;C:\Program Files (x86)\Microsoft SQL Server\110\DTS\Binn;C:\Program Files (x86)\Microsoft SQL Server\130\DTS\Binn;C:\Program Files\nodejs;C:\Ruby22-x64\bin;C:\Users\andres\AppData\Roaming\Composer\vendor\bin;C:\Program Files (x86)\Microsoft VS Code\bin;C:\ProgramData\andres\atom\bin;C:\Program Files\Java\jre1.8.0_101\bin;C:\Program Files\Java\jdk1.8.0_101\bin;C:\Program Files (x86)\clisp-2.49;C:\Program Files\Docker Toolbox;C:\Program Files\MongoDB\Server\3.4\bin;C:\xampp\php;C:\xampp\mysql\bin;C:\MinGW\bin;C:\Program Files (x86)\GnuWin32\bin;C:\Users\andres\AppData\Local\atom\bin;C:\Octave\Octave-4.0.1\bin;C:\Users\andres\AppData\Roaming\npm;C:\Python27;C:\Users\andres\AppData\Local\GitHubDesktop\bin;C:\Program Files\Heroku\bin;C:\Program Files\Git\usr\bin\vendor_perl;C:\Program Files\Git\usr\bin\core_perl
10 verbose lifecycle cooknet@1.0.0~start: CWD: E:\GranEscala
11 silly lifecycle cooknet@1.0.0~start: Args: [ '/d /s /c', 'cd cooknet/server && node app.js' ]
12 silly lifecycle cooknet@1.0.0~start: Returned: code: 1  signal: null
13 info lifecycle cooknet@1.0.0~start: Failed to exec start script
14 verbose stack Error: cooknet@1.0.0 start: `cd cooknet/server && node app.js`
14 verbose stack Exit status 1
14 verbose stack     at EventEmitter.<anonymous> (C:\Program Files\nodejs\node_modules\npm\lib\utils\lifecycle.js:255:16)
14 verbose stack     at emitTwo (events.js:106:13)
14 verbose stack     at EventEmitter.emit (events.js:191:7)
14 verbose stack     at ChildProcess.<anonymous> (C:\Program Files\nodejs\node_modules\npm\lib\utils\spawn.js:40:14)
14 verbose stack     at emitTwo (events.js:106:13)
14 verbose stack     at ChildProcess.emit (events.js:191:7)
14 verbose stack     at maybeClose (internal/child_process.js:891:16)
14 verbose stack     at Process.ChildProcess._handle.onexit (internal/child_process.js:226:5)
15 verbose pkgid cooknet@1.0.0
16 verbose cwd E:\GranEscala
17 error Windows_NT 6.3.9600
18 error argv "C:\\Program Files\\nodejs\\node.exe" "C:\\Program Files\\nodejs\\node_modules\\npm\\bin\\npm-cli.js" "start"
19 error node v6.11.0
20 error npm  v3.10.10
21 error code ELIFECYCLE
22 error cooknet@1.0.0 start: `cd cooknet/server && node app.js`
22 error Exit status 1
23 error Failed at the cooknet@1.0.0 start script 'cd cooknet/server && node app.js'.
23 error Make sure you have the latest version of node.js and npm installed.
23 error If you do, this is most likely a problem with the cooknet package,
23 error not with npm itself.
23 error Tell the author that this fails on your system:
23 error     cd cooknet/server && node app.js
23 error You can get information on how to open an issue for this project with:
23 error     npm bugs cooknet
23 error Or if that isn't available, you can get their info via:
23 error     npm owner ls cooknet
23 error There is likely additional logging output above.
24 verbose exit [ 1, true ]
